<?xml version="1.0" encoding="UTF-8"?>
<testng-results skipped="0" failed="0" ignored="6" total="14" passed="8">
  <reporter-output>
    <line>
      <![CDATA[Extent Report Directory/Users/imrankabir/IdeaProjects/BootCampFrameworkTeam7/HealthFIrst/test-output/html]]>
    </line>
    <line>
      <![CDATA[TestHomePage: test Lang Change English To Chinese]]>
    </line>
    <line>
      <![CDATA[TestHomePage: test Search]]>
    </line>
    <line>
      <![CDATA[TestMemberLogInPage: test Member Log In]]>
    </line>
    <line>
      <![CDATA[TestMemberLogInPage: test Member Log In]]>
    </line>
    <line>
      <![CDATA[TestMemberLogInPage: test Member Log In]]>
    </line>
    <line>
      <![CDATA[TestMemberLogInPage: test Member Log In]]>
    </line>
    <line>
      <![CDATA[TestMemberSignUp: test Member Sign Up]]>
    </line>
    <line>
      <![CDATA[TestProviderligInPage: test Provider Log In]]>
    </line>
  </reporter-output>
  <suite name="Health First Automation test" duration-ms="138064" started-at="2018-02-07T02:40:45Z" finished-at="2018-02-07T02:43:03Z">
    <groups>
    </groups>
    <test name="Health First Home" duration-ms="138064" started-at="2018-02-07T02:40:45Z" finished-at="2018-02-07T02:43:03Z">
      <class name="testcases.TestMemberSignUp">
        <test-method status="PASS" signature="setUp(boolean, java.lang.String, java.lang.String, java.lang.String, java.lang.String, java.lang.String, java.lang.String)[pri:0, instance:testcases.TestMemberSignUp@68837a77]" name="setUp" is-config="true" duration-ms="10694" started-at="2018-02-06T21:42:28Z" finished-at="2018-02-06T21:42:39Z">
          <params>
            <param index="0">
              <value>
                <![CDATA[false]]>
              </value>
            </param>
            <param index="1">
              <value>
                <![CDATA[Browserstack]]>
              </value>
            </param>
            <param index="2">
              <value>
                <![CDATA[OS X]]>
              </value>
            </param>
            <param index="3">
              <value>
                <![CDATA[High Sierra]]>
              </value>
            </param>
            <param index="4">
              <value>
                <![CDATA[Firefox]]>
              </value>
            </param>
            <param index="5">
              <value>
                <![CDATA[57.0]]>
              </value>
            </param>
            <param index="6">
              <value>
                <![CDATA[https://healthfirst.org/]]>
              </value>
            </param>
          </params>
          <reporter-output>
          </reporter-output>
        </test-method> <!-- setUp -->
        <test-method status="PASS" signature="startExtent(java.lang.reflect.Method)[pri:0, instance:testcases.TestMemberSignUp@68837a77]" name="startExtent" is-config="true" duration-ms="1" started-at="2018-02-06T21:42:39Z" finished-at="2018-02-06T21:42:39Z">
          <params>
            <param index="0">
              <value>
                <![CDATA[public void testcases.TestMemberSignUp.testMemberSignUp()]]>
              </value>
            </param>
          </params>
          <reporter-output>
          </reporter-output>
        </test-method> <!-- startExtent -->
        <test-method status="PASS" signature="testMemberSignUp()[pri:0, instance:testcases.TestMemberSignUp@68837a77]" name="testMemberSignUp" duration-ms="11628" started-at="2018-02-06T21:42:39Z" finished-at="2018-02-06T21:42:50Z">
          <reporter-output>
            <line>
              <![CDATA[TestMemberSignUp: test Member Sign Up]]>
            </line>
          </reporter-output>
        </test-method> <!-- testMemberSignUp -->
        <test-method status="PASS" signature="afterEachTestMethod(org.testng.ITestResult)[pri:0, instance:testcases.TestMemberSignUp@68837a77]" name="afterEachTestMethod" is-config="true" duration-ms="280" started-at="2018-02-06T21:42:50Z" finished-at="2018-02-06T21:42:50Z">
          <params>
            <param index="0">
              <value>
                <![CDATA[[TestResult name=testMemberSignUp status=SUCCESS method=TestMemberSignUp.testMemberSignUp()[pri:0, instance:testcases.TestMemberSignUp@68837a77] output=TestMemberSignUp: test Member Sign Up]]]>
              </value>
            </param>
          </params>
          <reporter-output>
          </reporter-output>
        </test-method> <!-- afterEachTestMethod -->
        <test-method status="PASS" signature="teardown()[pri:0, instance:testcases.TestMemberSignUp@68837a77]" name="teardown" is-config="true" duration-ms="1" started-at="2018-02-06T21:42:50Z" finished-at="2018-02-06T21:42:50Z">
          <reporter-output>
          </reporter-output>
        </test-method> <!-- teardown -->
      </class> <!-- testcases.TestMemberSignUp -->
      <class name="testcases.TestMemberLogInPage">
        <test-method status="PASS" signature="setUp(boolean, java.lang.String, java.lang.String, java.lang.String, java.lang.String, java.lang.String, java.lang.String)[pri:0, instance:testcases.TestMemberLogInPage@2d554825]" name="setUp" is-config="true" duration-ms="9977" started-at="2018-02-06T21:41:12Z" finished-at="2018-02-06T21:41:22Z">
          <params>
            <param index="0">
              <value>
                <![CDATA[false]]>
              </value>
            </param>
            <param index="1">
              <value>
                <![CDATA[Browserstack]]>
              </value>
            </param>
            <param index="2">
              <value>
                <![CDATA[OS X]]>
              </value>
            </param>
            <param index="3">
              <value>
                <![CDATA[High Sierra]]>
              </value>
            </param>
            <param index="4">
              <value>
                <![CDATA[Firefox]]>
              </value>
            </param>
            <param index="5">
              <value>
                <![CDATA[57.0]]>
              </value>
            </param>
            <param index="6">
              <value>
                <![CDATA[https://healthfirst.org/]]>
              </value>
            </param>
          </params>
          <reporter-output>
          </reporter-output>
        </test-method> <!-- setUp -->
        <test-method status="PASS" signature="startExtent(java.lang.reflect.Method)[pri:0, instance:testcases.TestMemberLogInPage@2d554825]" name="startExtent" is-config="true" duration-ms="0" started-at="2018-02-06T21:41:22Z" finished-at="2018-02-06T21:41:22Z">
          <params>
            <param index="0">
              <value>
                <![CDATA[public void testcases.TestMemberLogInPage.testMemberLogIn(java.lang.String,java.lang.String) throws java.lang.InterruptedException]]>
              </value>
            </param>
          </params>
          <reporter-output>
          </reporter-output>
        </test-method> <!-- startExtent -->
        <test-method status="PASS" signature="testMemberLogIn(java.lang.String, java.lang.String)[pri:0, instance:testcases.TestMemberLogInPage@2d554825]" name="testMemberLogIn" duration-ms="7228" started-at="2018-02-06T21:41:22Z" data-provider="testdata" finished-at="2018-02-06T21:41:29Z">
          <params>
            <param index="0">
              <value>
                <![CDATA[imran@gmail.con]]>
              </value>
            </param>
            <param index="1">
              <value>
                <![CDATA[abc123]]>
              </value>
            </param>
          </params>
          <reporter-output>
            <line>
              <![CDATA[TestMemberLogInPage: test Member Log In]]>
            </line>
          </reporter-output>
        </test-method> <!-- testMemberLogIn -->
        <test-method status="PASS" signature="afterEachTestMethod(org.testng.ITestResult)[pri:0, instance:testcases.TestMemberLogInPage@2d554825]" name="afterEachTestMethod" is-config="true" duration-ms="436" started-at="2018-02-06T21:41:29Z" finished-at="2018-02-06T21:41:30Z">
          <params>
            <param index="0">
              <value>
                <![CDATA[[TestResult name=testMemberLogIn status=SUCCESS method=TestMemberLogInPage.testMemberLogIn(java.lang.String, java.lang.String)[pri:0, instance:testcases.TestMemberLogInPage@2d554825] output=TestMemberLogInPage: test Member Log In]]]>
              </value>
            </param>
          </params>
          <reporter-output>
          </reporter-output>
        </test-method> <!-- afterEachTestMethod -->
        <test-method status="PASS" signature="setUp(boolean, java.lang.String, java.lang.String, java.lang.String, java.lang.String, java.lang.String, java.lang.String)[pri:0, instance:testcases.TestMemberLogInPage@2d554825]" name="setUp" is-config="true" duration-ms="9887" started-at="2018-02-06T21:41:30Z" finished-at="2018-02-06T21:41:40Z">
          <params>
            <param index="0">
              <value>
                <![CDATA[false]]>
              </value>
            </param>
            <param index="1">
              <value>
                <![CDATA[Browserstack]]>
              </value>
            </param>
            <param index="2">
              <value>
                <![CDATA[OS X]]>
              </value>
            </param>
            <param index="3">
              <value>
                <![CDATA[High Sierra]]>
              </value>
            </param>
            <param index="4">
              <value>
                <![CDATA[Firefox]]>
              </value>
            </param>
            <param index="5">
              <value>
                <![CDATA[57.0]]>
              </value>
            </param>
            <param index="6">
              <value>
                <![CDATA[https://healthfirst.org/]]>
              </value>
            </param>
          </params>
          <reporter-output>
          </reporter-output>
        </test-method> <!-- setUp -->
        <test-method status="PASS" signature="teardown()[pri:0, instance:testcases.TestMemberLogInPage@2d554825]" name="teardown" is-config="true" duration-ms="0" started-at="2018-02-06T21:41:30Z" finished-at="2018-02-06T21:41:30Z">
          <reporter-output>
          </reporter-output>
        </test-method> <!-- teardown -->
        <test-method status="PASS" signature="startExtent(java.lang.reflect.Method)[pri:0, instance:testcases.TestMemberLogInPage@2d554825]" name="startExtent" is-config="true" duration-ms="1" started-at="2018-02-06T21:41:40Z" finished-at="2018-02-06T21:41:40Z">
          <params>
            <param index="0">
              <value>
                <![CDATA[public void testcases.TestMemberLogInPage.testMemberLogIn(java.lang.String,java.lang.String) throws java.lang.InterruptedException]]>
              </value>
            </param>
          </params>
          <reporter-output>
          </reporter-output>
        </test-method> <!-- startExtent -->
        <test-method status="PASS" signature="testMemberLogIn(java.lang.String, java.lang.String)[pri:0, instance:testcases.TestMemberLogInPage@2d554825]" name="testMemberLogIn" duration-ms="5174" started-at="2018-02-06T21:41:40Z" data-provider="testdata" finished-at="2018-02-06T21:41:45Z">
          <params>
            <param index="0">
              <value>
                <![CDATA[ehsan@hotmail.com]]>
              </value>
            </param>
            <param index="1">
              <value>
                <![CDATA[123asd]]>
              </value>
            </param>
          </params>
          <reporter-output>
            <line>
              <![CDATA[TestMemberLogInPage: test Member Log In]]>
            </line>
          </reporter-output>
        </test-method> <!-- testMemberLogIn -->
        <test-method status="PASS" signature="afterEachTestMethod(org.testng.ITestResult)[pri:0, instance:testcases.TestMemberLogInPage@2d554825]" name="afterEachTestMethod" is-config="true" duration-ms="445" started-at="2018-02-06T21:41:45Z" finished-at="2018-02-06T21:41:45Z">
          <params>
            <param index="0">
              <value>
                <![CDATA[[TestResult name=testMemberLogIn status=SUCCESS method=TestMemberLogInPage.testMemberLogIn(java.lang.String, java.lang.String)[pri:0, instance:testcases.TestMemberLogInPage@2d554825] output=TestMemberLogInPage: test Member Log In]]]>
              </value>
            </param>
          </params>
          <reporter-output>
          </reporter-output>
        </test-method> <!-- afterEachTestMethod -->
        <test-method status="PASS" signature="teardown()[pri:0, instance:testcases.TestMemberLogInPage@2d554825]" name="teardown" is-config="true" duration-ms="0" started-at="2018-02-06T21:41:45Z" finished-at="2018-02-06T21:41:45Z">
          <reporter-output>
          </reporter-output>
        </test-method> <!-- teardown -->
        <test-method status="PASS" signature="setUp(boolean, java.lang.String, java.lang.String, java.lang.String, java.lang.String, java.lang.String, java.lang.String)[pri:0, instance:testcases.TestMemberLogInPage@2d554825]" name="setUp" is-config="true" duration-ms="14151" started-at="2018-02-06T21:41:45Z" finished-at="2018-02-06T21:42:00Z">
          <params>
            <param index="0">
              <value>
                <![CDATA[false]]>
              </value>
            </param>
            <param index="1">
              <value>
                <![CDATA[Browserstack]]>
              </value>
            </param>
            <param index="2">
              <value>
                <![CDATA[OS X]]>
              </value>
            </param>
            <param index="3">
              <value>
                <![CDATA[High Sierra]]>
              </value>
            </param>
            <param index="4">
              <value>
                <![CDATA[Firefox]]>
              </value>
            </param>
            <param index="5">
              <value>
                <![CDATA[57.0]]>
              </value>
            </param>
            <param index="6">
              <value>
                <![CDATA[https://healthfirst.org/]]>
              </value>
            </param>
          </params>
          <reporter-output>
          </reporter-output>
        </test-method> <!-- setUp -->
        <test-method status="PASS" signature="testMemberLogIn(java.lang.String, java.lang.String)[pri:0, instance:testcases.TestMemberLogInPage@2d554825]" name="testMemberLogIn" duration-ms="6113" started-at="2018-02-06T21:42:00Z" data-provider="testdata" finished-at="2018-02-06T21:42:06Z">
          <params>
            <param index="0">
              <value>
                <![CDATA[urbana@yahoo.com]]>
              </value>
            </param>
            <param index="1">
              <value>
                <![CDATA[1212ksk]]>
              </value>
            </param>
          </params>
          <reporter-output>
            <line>
              <![CDATA[TestMemberLogInPage: test Member Log In]]>
            </line>
          </reporter-output>
        </test-method> <!-- testMemberLogIn -->
        <test-method status="PASS" signature="startExtent(java.lang.reflect.Method)[pri:0, instance:testcases.TestMemberLogInPage@2d554825]" name="startExtent" is-config="true" duration-ms="0" started-at="2018-02-06T21:42:00Z" finished-at="2018-02-06T21:42:00Z">
          <params>
            <param index="0">
              <value>
                <![CDATA[public void testcases.TestMemberLogInPage.testMemberLogIn(java.lang.String,java.lang.String) throws java.lang.InterruptedException]]>
              </value>
            </param>
          </params>
          <reporter-output>
          </reporter-output>
        </test-method> <!-- startExtent -->
        <test-method status="PASS" signature="afterEachTestMethod(org.testng.ITestResult)[pri:0, instance:testcases.TestMemberLogInPage@2d554825]" name="afterEachTestMethod" is-config="true" duration-ms="299" started-at="2018-02-06T21:42:06Z" finished-at="2018-02-06T21:42:06Z">
          <params>
            <param index="0">
              <value>
                <![CDATA[[TestResult name=testMemberLogIn status=SUCCESS method=TestMemberLogInPage.testMemberLogIn(java.lang.String, java.lang.String)[pri:0, instance:testcases.TestMemberLogInPage@2d554825] output=TestMemberLogInPage: test Member Log In]]]>
              </value>
            </param>
          </params>
          <reporter-output>
          </reporter-output>
        </test-method> <!-- afterEachTestMethod -->
        <test-method status="PASS" signature="teardown()[pri:0, instance:testcases.TestMemberLogInPage@2d554825]" name="teardown" is-config="true" duration-ms="0" started-at="2018-02-06T21:42:06Z" finished-at="2018-02-06T21:42:06Z">
          <reporter-output>
          </reporter-output>
        </test-method> <!-- teardown -->
        <test-method status="PASS" signature="setUp(boolean, java.lang.String, java.lang.String, java.lang.String, java.lang.String, java.lang.String, java.lang.String)[pri:0, instance:testcases.TestMemberLogInPage@2d554825]" name="setUp" is-config="true" duration-ms="12603" started-at="2018-02-06T21:42:06Z" finished-at="2018-02-06T21:42:19Z">
          <params>
            <param index="0">
              <value>
                <![CDATA[false]]>
              </value>
            </param>
            <param index="1">
              <value>
                <![CDATA[Browserstack]]>
              </value>
            </param>
            <param index="2">
              <value>
                <![CDATA[OS X]]>
              </value>
            </param>
            <param index="3">
              <value>
                <![CDATA[High Sierra]]>
              </value>
            </param>
            <param index="4">
              <value>
                <![CDATA[Firefox]]>
              </value>
            </param>
            <param index="5">
              <value>
                <![CDATA[57.0]]>
              </value>
            </param>
            <param index="6">
              <value>
                <![CDATA[https://healthfirst.org/]]>
              </value>
            </param>
          </params>
          <reporter-output>
          </reporter-output>
        </test-method> <!-- setUp -->
        <test-method status="PASS" signature="startExtent(java.lang.reflect.Method)[pri:0, instance:testcases.TestMemberLogInPage@2d554825]" name="startExtent" is-config="true" duration-ms="0" started-at="2018-02-06T21:42:19Z" finished-at="2018-02-06T21:42:19Z">
          <params>
            <param index="0">
              <value>
                <![CDATA[public void testcases.TestMemberLogInPage.testMemberLogIn(java.lang.String,java.lang.String) throws java.lang.InterruptedException]]>
              </value>
            </param>
          </params>
          <reporter-output>
          </reporter-output>
        </test-method> <!-- startExtent -->
        <test-method status="PASS" signature="testMemberLogIn(java.lang.String, java.lang.String)[pri:0, instance:testcases.TestMemberLogInPage@2d554825]" name="testMemberLogIn" duration-ms="8998" started-at="2018-02-06T21:42:19Z" data-provider="testdata" finished-at="2018-02-06T21:42:28Z">
          <params>
            <param index="0">
              <value>
                <![CDATA[nafee@gmail.com]]>
              </value>
            </param>
            <param index="1">
              <value>
                <![CDATA[wewi1]]>
              </value>
            </param>
          </params>
          <reporter-output>
            <line>
              <![CDATA[TestMemberLogInPage: test Member Log In]]>
            </line>
          </reporter-output>
        </test-method> <!-- testMemberLogIn -->
        <test-method status="PASS" signature="afterEachTestMethod(org.testng.ITestResult)[pri:0, instance:testcases.TestMemberLogInPage@2d554825]" name="afterEachTestMethod" is-config="true" duration-ms="263" started-at="2018-02-06T21:42:28Z" finished-at="2018-02-06T21:42:28Z">
          <params>
            <param index="0">
              <value>
                <![CDATA[[TestResult name=testMemberLogIn status=SUCCESS method=TestMemberLogInPage.testMemberLogIn(java.lang.String, java.lang.String)[pri:0, instance:testcases.TestMemberLogInPage@2d554825] output=TestMemberLogInPage: test Member Log In]]]>
              </value>
            </param>
          </params>
          <reporter-output>
          </reporter-output>
        </test-method> <!-- afterEachTestMethod -->
        <test-method status="PASS" signature="teardown()[pri:0, instance:testcases.TestMemberLogInPage@2d554825]" name="teardown" is-config="true" duration-ms="0" started-at="2018-02-06T21:42:28Z" finished-at="2018-02-06T21:42:28Z">
          <reporter-output>
          </reporter-output>
        </test-method> <!-- teardown -->
      </class> <!-- testcases.TestMemberLogInPage -->
      <class name="testcases.TestHomePage">
        <test-method status="PASS" signature="extentSetup(org.testng.ITestContext)[pri:0, instance:testcases.TestHomePage@77b52d12]" name="extentSetup" is-config="true" duration-ms="368" started-at="2018-02-06T21:40:45Z" finished-at="2018-02-06T21:40:45Z">
          <params>
            <param index="0">
              <value>
                <![CDATA[org.testng.TestRunner@412c995d]]>
              </value>
            </param>
          </params>
          <reporter-output>
            <line>
              <![CDATA[Extent Report Directory/Users/imrankabir/IdeaProjects/BootCampFrameworkTeam7/HealthFIrst/test-output/html]]>
            </line>
          </reporter-output>
        </test-method> <!-- extentSetup -->
        <test-method status="PASS" signature="setUp(boolean, java.lang.String, java.lang.String, java.lang.String, java.lang.String, java.lang.String, java.lang.String)[pri:0, instance:testcases.TestHomePage@77b52d12]" name="setUp" is-config="true" duration-ms="12291" started-at="2018-02-06T21:40:45Z" finished-at="2018-02-06T21:40:58Z">
          <params>
            <param index="0">
              <value>
                <![CDATA[false]]>
              </value>
            </param>
            <param index="1">
              <value>
                <![CDATA[Browserstack]]>
              </value>
            </param>
            <param index="2">
              <value>
                <![CDATA[OS X]]>
              </value>
            </param>
            <param index="3">
              <value>
                <![CDATA[High Sierra]]>
              </value>
            </param>
            <param index="4">
              <value>
                <![CDATA[Firefox]]>
              </value>
            </param>
            <param index="5">
              <value>
                <![CDATA[57.0]]>
              </value>
            </param>
            <param index="6">
              <value>
                <![CDATA[https://healthfirst.org/]]>
              </value>
            </param>
          </params>
          <reporter-output>
          </reporter-output>
        </test-method> <!-- setUp -->
        <test-method status="PASS" signature="startExtent(java.lang.reflect.Method)[pri:0, instance:testcases.TestHomePage@77b52d12]" name="startExtent" is-config="true" duration-ms="12" started-at="2018-02-06T21:40:58Z" finished-at="2018-02-06T21:40:58Z">
          <params>
            <param index="0">
              <value>
                <![CDATA[public void testcases.TestHomePage.testLangChangeEnglishToChinese()]]>
              </value>
            </param>
          </params>
          <reporter-output>
          </reporter-output>
        </test-method> <!-- startExtent -->
        <test-method status="PASS" signature="testLangChangeEnglishToChinese()[pri:0, instance:testcases.TestHomePage@77b52d12]" name="testLangChangeEnglishToChinese" duration-ms="479" started-at="2018-02-06T21:40:58Z" finished-at="2018-02-06T21:40:58Z">
          <reporter-output>
            <line>
              <![CDATA[TestHomePage: test Lang Change English To Chinese]]>
            </line>
          </reporter-output>
        </test-method> <!-- testLangChangeEnglishToChinese -->
        <test-method status="PASS" signature="afterEachTestMethod(org.testng.ITestResult)[pri:0, instance:testcases.TestHomePage@77b52d12]" name="afterEachTestMethod" is-config="true" duration-ms="812" started-at="2018-02-06T21:40:58Z" finished-at="2018-02-06T21:40:59Z">
          <params>
            <param index="0">
              <value>
                <![CDATA[[TestResult name=testLangChangeEnglishToChinese status=SUCCESS method=TestHomePage.testLangChangeEnglishToChinese()[pri:0, instance:testcases.TestHomePage@77b52d12] output=TestHomePage: test Lang Change English To Chinese]]]>
              </value>
            </param>
          </params>
          <reporter-output>
          </reporter-output>
        </test-method> <!-- afterEachTestMethod -->
        <test-method status="PASS" signature="teardown()[pri:0, instance:testcases.TestHomePage@77b52d12]" name="teardown" is-config="true" duration-ms="1" started-at="2018-02-06T21:40:59Z" finished-at="2018-02-06T21:40:59Z">
          <reporter-output>
          </reporter-output>
        </test-method> <!-- teardown -->
        <test-method status="PASS" signature="setUp(boolean, java.lang.String, java.lang.String, java.lang.String, java.lang.String, java.lang.String, java.lang.String)[pri:0, instance:testcases.TestHomePage@77b52d12]" name="setUp" is-config="true" duration-ms="9974" started-at="2018-02-06T21:40:59Z" finished-at="2018-02-06T21:41:09Z">
          <params>
            <param index="0">
              <value>
                <![CDATA[false]]>
              </value>
            </param>
            <param index="1">
              <value>
                <![CDATA[Browserstack]]>
              </value>
            </param>
            <param index="2">
              <value>
                <![CDATA[OS X]]>
              </value>
            </param>
            <param index="3">
              <value>
                <![CDATA[High Sierra]]>
              </value>
            </param>
            <param index="4">
              <value>
                <![CDATA[Firefox]]>
              </value>
            </param>
            <param index="5">
              <value>
                <![CDATA[57.0]]>
              </value>
            </param>
            <param index="6">
              <value>
                <![CDATA[https://healthfirst.org/]]>
              </value>
            </param>
          </params>
          <reporter-output>
          </reporter-output>
        </test-method> <!-- setUp -->
        <test-method status="PASS" signature="startExtent(java.lang.reflect.Method)[pri:0, instance:testcases.TestHomePage@77b52d12]" name="startExtent" is-config="true" duration-ms="0" started-at="2018-02-06T21:41:09Z" finished-at="2018-02-06T21:41:09Z">
          <params>
            <param index="0">
              <value>
                <![CDATA[public void testcases.TestHomePage.testSearch()]]>
              </value>
            </param>
          </params>
          <reporter-output>
          </reporter-output>
        </test-method> <!-- startExtent -->
        <test-method status="PASS" signature="testSearch()[pri:0, instance:testcases.TestHomePage@77b52d12]" name="testSearch" duration-ms="2078" started-at="2018-02-06T21:41:09Z" finished-at="2018-02-06T21:41:11Z">
          <reporter-output>
            <line>
              <![CDATA[TestHomePage: test Search]]>
            </line>
          </reporter-output>
        </test-method> <!-- testSearch -->
        <test-method status="PASS" signature="afterEachTestMethod(org.testng.ITestResult)[pri:0, instance:testcases.TestHomePage@77b52d12]" name="afterEachTestMethod" is-config="true" duration-ms="300" started-at="2018-02-06T21:41:11Z" finished-at="2018-02-06T21:41:11Z">
          <params>
            <param index="0">
              <value>
                <![CDATA[[TestResult name=testSearch status=SUCCESS method=TestHomePage.testSearch()[pri:0, instance:testcases.TestHomePage@77b52d12] output=TestHomePage: test Search]]]>
              </value>
            </param>
          </params>
          <reporter-output>
          </reporter-output>
        </test-method> <!-- afterEachTestMethod -->
        <test-method status="PASS" signature="teardown()[pri:0, instance:testcases.TestHomePage@77b52d12]" name="teardown" is-config="true" duration-ms="0" started-at="2018-02-06T21:41:11Z" finished-at="2018-02-06T21:41:11Z">
          <reporter-output>
          </reporter-output>
        </test-method> <!-- teardown -->
        <test-method status="PASS" signature="generateReport()[pri:0, instance:testcases.TestHomePage@77b52d12]" name="generateReport" is-config="true" duration-ms="22" started-at="2018-02-06T21:43:03Z" finished-at="2018-02-06T21:43:03Z">
          <reporter-output>
          </reporter-output>
        </test-method> <!-- generateReport -->
      </class> <!-- testcases.TestHomePage -->
      <class name="testcases.TestProviderligInPage">
        <test-method status="PASS" signature="setUp(boolean, java.lang.String, java.lang.String, java.lang.String, java.lang.String, java.lang.String, java.lang.String)[pri:0, instance:testcases.TestProviderligInPage@6be46e8f]" name="setUp" is-config="true" duration-ms="7392" started-at="2018-02-06T21:42:50Z" finished-at="2018-02-06T21:42:58Z">
          <params>
            <param index="0">
              <value>
                <![CDATA[false]]>
              </value>
            </param>
            <param index="1">
              <value>
                <![CDATA[Browserstack]]>
              </value>
            </param>
            <param index="2">
              <value>
                <![CDATA[OS X]]>
              </value>
            </param>
            <param index="3">
              <value>
                <![CDATA[High Sierra]]>
              </value>
            </param>
            <param index="4">
              <value>
                <![CDATA[Firefox]]>
              </value>
            </param>
            <param index="5">
              <value>
                <![CDATA[57.0]]>
              </value>
            </param>
            <param index="6">
              <value>
                <![CDATA[https://healthfirst.org/]]>
              </value>
            </param>
          </params>
          <reporter-output>
          </reporter-output>
        </test-method> <!-- setUp -->
        <test-method status="PASS" signature="testProviderLogIn()[pri:0, instance:testcases.TestProviderligInPage@6be46e8f]" name="testProviderLogIn" duration-ms="5361" started-at="2018-02-06T21:42:58Z" finished-at="2018-02-06T21:43:03Z">
          <reporter-output>
            <line>
              <![CDATA[TestProviderligInPage: test Provider Log In]]>
            </line>
          </reporter-output>
        </test-method> <!-- testProviderLogIn -->
        <test-method status="PASS" signature="startExtent(java.lang.reflect.Method)[pri:0, instance:testcases.TestProviderligInPage@6be46e8f]" name="startExtent" is-config="true" duration-ms="0" started-at="2018-02-06T21:42:58Z" finished-at="2018-02-06T21:42:58Z">
          <params>
            <param index="0">
              <value>
                <![CDATA[public void testcases.TestProviderligInPage.testProviderLogIn() throws java.io.IOException]]>
              </value>
            </param>
          </params>
          <reporter-output>
          </reporter-output>
        </test-method> <!-- startExtent -->
        <test-method status="PASS" signature="afterEachTestMethod(org.testng.ITestResult)[pri:0, instance:testcases.TestProviderligInPage@6be46e8f]" name="afterEachTestMethod" is-config="true" duration-ms="272" started-at="2018-02-06T21:43:03Z" finished-at="2018-02-06T21:43:03Z">
          <params>
            <param index="0">
              <value>
                <![CDATA[[TestResult name=testProviderLogIn status=SUCCESS method=TestProviderligInPage.testProviderLogIn()[pri:0, instance:testcases.TestProviderligInPage@6be46e8f] output=TestProviderligInPage: test Provider Log In]]]>
              </value>
            </param>
          </params>
          <reporter-output>
          </reporter-output>
        </test-method> <!-- afterEachTestMethod -->
        <test-method status="PASS" signature="teardown()[pri:0, instance:testcases.TestProviderligInPage@6be46e8f]" name="teardown" is-config="true" duration-ms="0" started-at="2018-02-06T21:43:03Z" finished-at="2018-02-06T21:43:03Z">
          <reporter-output>
          </reporter-output>
        </test-method> <!-- teardown -->
      </class> <!-- testcases.TestProviderligInPage -->
    </test> <!-- Health First Home -->
  </suite> <!-- Health First Automation test -->
</testng-results>
