<?xml version="1.0" encoding="UTF-8"?>
<testng-results skipped="0" failed="0" ignored="0" total="0" passed="0">
  <reporter-output>
  </reporter-output>
  <suite name="Amazon Automation test" duration-ms="2" started-at="2018-02-06T22:25:27Z" finished-at="2018-02-06T22:25:27Z">
    <groups>
    </groups>
    <test name="Amazon.com" duration-ms="2" started-at="2018-02-06T22:25:27Z" finished-at="2018-02-06T22:25:27Z">
    </test> <!-- Amazon.com -->
  </suite> <!-- Amazon Automation test -->
</testng-results>
