<?xml version="1.0" encoding="UTF-8"?>
<testng-results skipped="0" failed="0" ignored="0" total="1" passed="1">
  <reporter-output>
  </reporter-output>
  <suite name="eBay test" duration-ms="12082" started-at="2018-02-07T01:47:18Z" finished-at="2018-02-07T01:47:30Z">
    <groups>
    </groups>
    <test name="eBay Home Page" duration-ms="12082" started-at="2018-02-07T01:47:18Z" finished-at="2018-02-07T01:47:30Z">
      <class name="eBayTestHomePage.TestHomePage">
        <test-method status="PASS" signature="setUp(boolean, java.lang.String, java.lang.String, java.lang.String, java.lang.String, java.lang.String, java.lang.String)[pri:0, instance:eBayTestHomePage.TestHomePage@4de8b406]" name="setUp" is-config="true" duration-ms="6238" started-at="2018-02-06T20:47:18Z" finished-at="2018-02-06T20:47:24Z">
          <params>
            <param index="0">
              <value>
                <![CDATA[false]]>
              </value>
            </param>
            <param index="1">
              <value>
                <![CDATA[Browserstack]]>
              </value>
            </param>
            <param index="2">
              <value>
                <![CDATA[OS X]]>
              </value>
            </param>
            <param index="3">
              <value>
                <![CDATA[10]]>
              </value>
            </param>
            <param index="4">
              <value>
                <![CDATA[Firefox]]>
              </value>
            </param>
            <param index="5">
              <value>
                <![CDATA[34]]>
              </value>
            </param>
            <param index="6">
              <value>
                <![CDATA[https://www.ebay.com/]]>
              </value>
            </param>
          </params>
          <reporter-output>
          </reporter-output>
        </test-method> <!-- setUp -->
        <test-method status="PASS" signature="testSearch()[pri:0, instance:eBayTestHomePage.TestHomePage@4de8b406]" name="testSearch" duration-ms="5651" started-at="2018-02-06T20:47:24Z" finished-at="2018-02-06T20:47:30Z">
          <reporter-output>
          </reporter-output>
        </test-method> <!-- testSearch -->
        <test-method status="PASS" signature="cleanUp()[pri:0, instance:eBayTestHomePage.TestHomePage@4de8b406]" name="cleanUp" is-config="true" duration-ms="160" started-at="2018-02-06T20:47:30Z" finished-at="2018-02-06T20:47:30Z">
          <reporter-output>
          </reporter-output>
        </test-method> <!-- cleanUp -->
      </class> <!-- eBayTestHomePage.TestHomePage -->
    </test> <!-- eBay Home Page -->
  </suite> <!-- eBay test -->
</testng-results>
