<?xml version="1.0" encoding="UTF-8"?>
<testng-results skipped="0" failed="0" ignored="0" total="1" passed="1">
  <reporter-output>
  </reporter-output>
  <suite name="eBay test" duration-ms="10623" started-at="2018-01-27T04:01:05Z" finished-at="2018-01-27T04:01:15Z">
    <groups>
    </groups>
    <test name="eBay Home Page" duration-ms="10623" started-at="2018-01-27T04:01:05Z" finished-at="2018-01-27T04:01:15Z">
      <class name="eBayTestHomePage.TestLogin">
        <test-method status="PASS" signature="setUp(boolean, java.lang.String, java.lang.String, java.lang.String, java.lang.String, java.lang.String, java.lang.String)[pri:0, instance:eBayTestHomePage.TestLogin@6276ae34]" name="setUp" is-config="true" duration-ms="6244" started-at="2018-01-26T23:01:05Z" finished-at="2018-01-26T23:01:11Z">
          <params>
            <param index="0">
              <value>
                <![CDATA[false]]>
              </value>
            </param>
            <param index="1">
              <value>
                <![CDATA[Browserstack]]>
              </value>
            </param>
            <param index="2">
              <value>
                <![CDATA[OS X]]>
              </value>
            </param>
            <param index="3">
              <value>
                <![CDATA[10]]>
              </value>
            </param>
            <param index="4">
              <value>
                <![CDATA[Firefox]]>
              </value>
            </param>
            <param index="5">
              <value>
                <![CDATA[34]]>
              </value>
            </param>
            <param index="6">
              <value>
                <![CDATA[https://www.ebay.com/]]>
              </value>
            </param>
          </params>
          <reporter-output>
          </reporter-output>
        </test-method> <!-- setUp -->
        <test-method status="PASS" signature="ee()[pri:0, instance:eBayTestHomePage.TestLogin@6276ae34]" name="ee" duration-ms="4135" started-at="2018-01-26T23:01:11Z" finished-at="2018-01-26T23:01:15Z">
          <reporter-output>
          </reporter-output>
        </test-method> <!-- ee -->
        <test-method status="PASS" signature="cleanUp()[pri:0, instance:eBayTestHomePage.TestLogin@6276ae34]" name="cleanUp" is-config="true" duration-ms="221" started-at="2018-01-26T23:01:15Z" finished-at="2018-01-26T23:01:15Z">
          <reporter-output>
          </reporter-output>
        </test-method> <!-- cleanUp -->
      </class> <!-- eBayTestHomePage.TestLogin -->
    </test> <!-- eBay Home Page -->
  </suite> <!-- eBay test -->
</testng-results>
