<?xml version="1.0" encoding="UTF-8"?>
<testng-results skipped="0" failed="0" ignored="0" total="2" passed="2">
  <reporter-output>
  </reporter-output>
  <suite name="Health First Automation test" duration-ms="29071" started-at="2018-02-06T22:24:42Z" finished-at="2018-02-06T22:25:11Z">
    <groups>
    </groups>
    <test name="Health First Home" duration-ms="29071" started-at="2018-02-06T22:24:42Z" finished-at="2018-02-06T22:25:11Z">
      <class name="testcases.TestHomePage">
        <test-method status="PASS" signature="setUp(boolean, java.lang.String, java.lang.String, java.lang.String, java.lang.String, java.lang.String, java.lang.String)[pri:0, instance:testcases.TestHomePage@66d2e7d9]" name="setUp" is-config="true" duration-ms="13547" started-at="2018-02-06T17:24:42Z" finished-at="2018-02-06T17:24:55Z">
          <params>
            <param index="0">
              <value>
                <![CDATA[false]]>
              </value>
            </param>
            <param index="1">
              <value>
                <![CDATA[Browserstack]]>
              </value>
            </param>
            <param index="2">
              <value>
                <![CDATA[OS X]]>
              </value>
            </param>
            <param index="3">
              <value>
                <![CDATA[High Sierra]]>
              </value>
            </param>
            <param index="4">
              <value>
                <![CDATA[Firefox]]>
              </value>
            </param>
            <param index="5">
              <value>
                <![CDATA[57.0]]>
              </value>
            </param>
            <param index="6">
              <value>
                <![CDATA[https://healthfirst.org/]]>
              </value>
            </param>
          </params>
          <reporter-output>
          </reporter-output>
        </test-method> <!-- setUp -->
        <test-method status="PASS" signature="testLangChangeEnglishToChinese()[pri:0, instance:testcases.TestHomePage@66d2e7d9]" name="testLangChangeEnglishToChinese" duration-ms="479" started-at="2018-02-06T17:24:55Z" finished-at="2018-02-06T17:24:56Z">
          <reporter-output>
          </reporter-output>
        </test-method> <!-- testLangChangeEnglishToChinese -->
        <test-method status="PASS" signature="cleanUp()[pri:0, instance:testcases.TestHomePage@66d2e7d9]" name="cleanUp" is-config="true" duration-ms="136" started-at="2018-02-06T17:24:56Z" finished-at="2018-02-06T17:24:56Z">
          <reporter-output>
          </reporter-output>
        </test-method> <!-- cleanUp -->
        <test-method status="PASS" signature="setUp(boolean, java.lang.String, java.lang.String, java.lang.String, java.lang.String, java.lang.String, java.lang.String)[pri:0, instance:testcases.TestHomePage@66d2e7d9]" name="setUp" is-config="true" duration-ms="12720" started-at="2018-02-06T17:24:56Z" finished-at="2018-02-06T17:25:09Z">
          <params>
            <param index="0">
              <value>
                <![CDATA[false]]>
              </value>
            </param>
            <param index="1">
              <value>
                <![CDATA[Browserstack]]>
              </value>
            </param>
            <param index="2">
              <value>
                <![CDATA[OS X]]>
              </value>
            </param>
            <param index="3">
              <value>
                <![CDATA[High Sierra]]>
              </value>
            </param>
            <param index="4">
              <value>
                <![CDATA[Firefox]]>
              </value>
            </param>
            <param index="5">
              <value>
                <![CDATA[57.0]]>
              </value>
            </param>
            <param index="6">
              <value>
                <![CDATA[https://healthfirst.org/]]>
              </value>
            </param>
          </params>
          <reporter-output>
          </reporter-output>
        </test-method> <!-- setUp -->
        <test-method status="PASS" signature="testSearch()[pri:0, instance:testcases.TestHomePage@66d2e7d9]" name="testSearch" duration-ms="2042" started-at="2018-02-06T17:25:09Z" finished-at="2018-02-06T17:25:11Z">
          <reporter-output>
          </reporter-output>
        </test-method> <!-- testSearch -->
        <test-method status="PASS" signature="cleanUp()[pri:0, instance:testcases.TestHomePage@66d2e7d9]" name="cleanUp" is-config="true" duration-ms="95" started-at="2018-02-06T17:25:11Z" finished-at="2018-02-06T17:25:11Z">
          <reporter-output>
          </reporter-output>
        </test-method> <!-- cleanUp -->
      </class> <!-- testcases.TestHomePage -->
    </test> <!-- Health First Home -->
  </suite> <!-- Health First Automation test -->
</testng-results>
