<?xml version="1.0" encoding="UTF-8"?>
<testng-results skipped="0" failed="0" ignored="0" total="2" passed="2">
  <reporter-output>
  </reporter-output>
  <suite name="Health First Automation test" duration-ms="27565" started-at="2018-02-07T01:57:03Z" finished-at="2018-02-07T01:57:31Z">
    <groups>
    </groups>
    <test name="Health First Home" duration-ms="27565" started-at="2018-02-07T01:57:03Z" finished-at="2018-02-07T01:57:31Z">
      <class name="testcases.TestHomePage">
        <test-method status="PASS" signature="setUp(boolean, java.lang.String, java.lang.String, java.lang.String, java.lang.String, java.lang.String, java.lang.String)[pri:0, instance:testcases.TestHomePage@548b7f67]" name="setUp" is-config="true" duration-ms="10057" started-at="2018-02-06T20:57:03Z" finished-at="2018-02-06T20:57:13Z">
          <params>
            <param index="0">
              <value>
                <![CDATA[false]]>
              </value>
            </param>
            <param index="1">
              <value>
                <![CDATA[Browserstack]]>
              </value>
            </param>
            <param index="2">
              <value>
                <![CDATA[OS X]]>
              </value>
            </param>
            <param index="3">
              <value>
                <![CDATA[High Sierra]]>
              </value>
            </param>
            <param index="4">
              <value>
                <![CDATA[Firefox]]>
              </value>
            </param>
            <param index="5">
              <value>
                <![CDATA[57.0]]>
              </value>
            </param>
            <param index="6">
              <value>
                <![CDATA[https://healthfirst.org/]]>
              </value>
            </param>
          </params>
          <reporter-output>
          </reporter-output>
        </test-method> <!-- setUp -->
        <test-method status="PASS" signature="testLangChangeEnglishToChinese()[pri:0, instance:testcases.TestHomePage@548b7f67]" name="testLangChangeEnglishToChinese" duration-ms="412" started-at="2018-02-06T20:57:13Z" finished-at="2018-02-06T20:57:13Z">
          <reporter-output>
          </reporter-output>
        </test-method> <!-- testLangChangeEnglishToChinese -->
        <test-method status="PASS" signature="cleanUp()[pri:0, instance:testcases.TestHomePage@548b7f67]" name="cleanUp" is-config="true" duration-ms="121" started-at="2018-02-06T20:57:13Z" finished-at="2018-02-06T20:57:14Z">
          <reporter-output>
          </reporter-output>
        </test-method> <!-- cleanUp -->
        <test-method status="PASS" signature="setUp(boolean, java.lang.String, java.lang.String, java.lang.String, java.lang.String, java.lang.String, java.lang.String)[pri:0, instance:testcases.TestHomePage@548b7f67]" name="setUp" is-config="true" duration-ms="14956" started-at="2018-02-06T20:57:14Z" finished-at="2018-02-06T20:57:29Z">
          <params>
            <param index="0">
              <value>
                <![CDATA[false]]>
              </value>
            </param>
            <param index="1">
              <value>
                <![CDATA[Browserstack]]>
              </value>
            </param>
            <param index="2">
              <value>
                <![CDATA[OS X]]>
              </value>
            </param>
            <param index="3">
              <value>
                <![CDATA[High Sierra]]>
              </value>
            </param>
            <param index="4">
              <value>
                <![CDATA[Firefox]]>
              </value>
            </param>
            <param index="5">
              <value>
                <![CDATA[57.0]]>
              </value>
            </param>
            <param index="6">
              <value>
                <![CDATA[https://healthfirst.org/]]>
              </value>
            </param>
          </params>
          <reporter-output>
          </reporter-output>
        </test-method> <!-- setUp -->
        <test-method status="PASS" signature="testSearch()[pri:0, instance:testcases.TestHomePage@548b7f67]" name="testSearch" duration-ms="1909" started-at="2018-02-06T20:57:29Z" finished-at="2018-02-06T20:57:30Z">
          <reporter-output>
          </reporter-output>
        </test-method> <!-- testSearch -->
        <test-method status="PASS" signature="cleanUp()[pri:0, instance:testcases.TestHomePage@548b7f67]" name="cleanUp" is-config="true" duration-ms="92" started-at="2018-02-06T20:57:30Z" finished-at="2018-02-06T20:57:31Z">
          <reporter-output>
          </reporter-output>
        </test-method> <!-- cleanUp -->
      </class> <!-- testcases.TestHomePage -->
    </test> <!-- Health First Home -->
  </suite> <!-- Health First Automation test -->
</testng-results>
