<?xml version="1.0" encoding="UTF-8"?>
<!-- Generated by org.testng.reporters.JUnitXMLReporter -->
<testsuite hostname="Imrans-Air.home" ignored="6" name="Health First Home" tests="8" failures="0" timestamp="07 Feb 2018 02:43:03 GMT" time="138.064" errors="0">
  <testcase name="testLangChangeEnglishToChinese" time="0.479" classname="testcases.TestHomePage"/>
  <testcase name="testSearch" time="2.078" classname="testcases.TestHomePage"/>
  <testcase name="testMemberLogIn" time="7.228" classname="testcases.TestMemberLogInPage"/>
  <testcase name="testMemberLogIn" time="5.174" classname="testcases.TestMemberLogInPage"/>
  <testcase name="testMemberLogIn" time="6.113" classname="testcases.TestMemberLogInPage"/>
  <testcase name="testMemberLogIn" time="8.998" classname="testcases.TestMemberLogInPage"/>
  <testcase name="testMemberSignUp" time="11.628" classname="testcases.TestMemberSignUp"/>
  <testcase name="testProviderLogIn" time="5.361" classname="testcases.TestProviderligInPage"/>
  <testcase name="@AfterSuite generateReport" time="0.0" classname="base.CommonAPI">
    <ignored/>
  </testcase> <!-- @AfterSuite generateReport -->
  <testcase name="@AfterSuite generateReport" time="0.0" classname="base.CommonAPI">
    <ignored/>
  </testcase> <!-- @AfterSuite generateReport -->
  <testcase name="@AfterSuite generateReport" time="0.0" classname="base.CommonAPI">
    <ignored/>
  </testcase> <!-- @AfterSuite generateReport -->
  <testcase name="@BeforeSuite extentSetup" time="0.0" classname="base.CommonAPI">
    <ignored/>
  </testcase> <!-- @BeforeSuite extentSetup -->
  <testcase name="@BeforeSuite extentSetup" time="0.0" classname="base.CommonAPI">
    <ignored/>
  </testcase> <!-- @BeforeSuite extentSetup -->
  <testcase name="@BeforeSuite extentSetup" time="0.0" classname="base.CommonAPI">
    <ignored/>
  </testcase> <!-- @BeforeSuite extentSetup -->
</testsuite> <!-- Health First Home -->
